app/build/outputs/mapping/release/mapping.txt
# compiler: R8
# compiler_version: 8.2.47
# min_api: 23
# common_typos_disable
# {"id":"com.android.tools.r8.mapping","version":"2.2"}
# pg_map_id: ebbecf9
# pg_map_hash: SHA-256 ebbecf98841cee384463306c40b31478d3cd2c8977f6f97941fd1169a0aed194
com.weihuagu.poleandleaf.AboutActivity -> com.weihuagu.poleandleaf.AboutActivity:
# {"id":"sourceFile","fileName":"AboutActivity.java"}
com.weihuagu.poleandleaf.Building -> a.a:
# {"id":"sourceFile","fileName":"Building.java"}
    int BUILDING_WIDTH_MIN -> e
    int BUILDING_WIDTH_MAX -> f
    int BUILDING_HEIGHT_MIN -> g
    float[] hsv -> h
    1:1:void <init>(android.content.Context):0:0 -> <init>
    1:1:void setBackColor():0:0 -> b
    1:1:void setHeight(int):0:0 -> setHeight
com.weihuagu.poleandleaf.BuildingFactory -> a.b:
# {"id":"sourceFile","fileName":"BuildingFactory.java"}
    java.util.List groupsbuildings -> a
    int N -> b
    1:1:void <init>():0:0 -> <init>
    1:1:java.util.List getGroupBuildings(android.content.Context):0:0 -> a
com.weihuagu.poleandleaf.GameLayout -> com.weihuagu.poleandleaf.GameLayout:
# {"id":"sourceFile","fileName":"GameLayout.java"}
    float[] hsv -> a
    android.animation.TimeAnimator mAnim -> b
    android.widget.TextView mScoreField -> c
    android.view.View mSplash -> d
    com.weihuagu.poleandleaf.Player mPlayer -> e
      # {"id":"com.android.tools.r8.residualsignature","signature":"Lcom/weihuagu/poleandleaf/a;"}
    java.util.ArrayList mObstaclesInPlay -> f
    float t -> g
    float dt -> h
    int mScore -> i
    float mLastPipeTime -> j
    int mWidth -> k
    int mHeight -> l
    boolean mAnimating -> m
    boolean mPlaying -> n
    boolean mFrozen -> o
    int mTimeOfDay -> p
    boolean DEBUG -> q
    android.graphics.Rect sTmpRect -> r
    int[] POPS -> s
    int[][] SKIES -> t
    com.weihuagu.poleandleaf.GameLayout$Params PARAMS -> u
      # {"id":"com.android.tools.r8.residualsignature","signature":"Lcom/weihuagu/poleandleaf/GameLayout$c;"}
    1:1:void <init>(android.content.Context,android.util.AttributeSet):0:0 -> <init>
    2:2:void <init>(android.content.Context,android.util.AttributeSet,int):0:0 -> <init>
    1:1:void L(java.lang.String,java.lang.Object[]):0:0 -> a
    1:1:void access$000(com.weihuagu.poleandleaf.GameLayout,long,long):0:0 -> b
    1:1:boolean access$102(com.weihuagu.poleandleaf.GameLayout,boolean):0:0 -> c
    1:1:void addScore(int):0:0 -> d
    1:1:void poke():0:0 -> e
    1:1:void reset():0:0 -> f
    1:1:void start(boolean):0:0 -> g
com.weihuagu.poleandleaf.GameLayout$1 -> com.weihuagu.poleandleaf.GameLayout$a:
# {"id":"sourceFile","fileName":"GameLayout.java"}
    com.weihuagu.poleandleaf.GameLayout this$0 -> a
com.weihuagu.poleandleaf.GameLayout$2 -> com.weihuagu.poleandleaf.GameLayout$b:
# {"id":"sourceFile","fileName":"GameLayout.java"}
    com.weihuagu.poleandleaf.GameLayout this$0 -> a
com.weihuagu.poleandleaf.GameLayout$Params -> com.weihuagu.poleandleaf.GameLayout$c:
# {"id":"sourceFile","fileName":"GameLayout.java"}
    float TRANSLATION_PER_SEC -> a
    int OBSTACLE_SPACING -> b
    int OBSTACLE_PERIOD -> c
    int OBSTACLE_WIDTH -> d
    int OBSTACLE_STEM_WIDTH -> e
    int OBSTACLE_GAP -> f
    int OBSTACLE_MIN -> g
    int BUILDING_HEIGHT_MIN -> h
    int CLOUD_SIZE_MIN -> i
    int CLOUD_SIZE_MAX -> j
    int STAR_SIZE_MIN -> k
    int STAR_SIZE_MAX -> l
    int G -> m
    int MAX_V -> n
    float SCENERY_Z -> o
    float OBSTACLE_Z -> p
    float PLAYER_Z -> q
    float PLAYER_Z_BOOST -> r
    float HUD_Z -> s
com.weihuagu.poleandleaf.GameView -> a.c:
# {"id":"sourceFile","fileName":"GameView.java"}
    void step(long,long,float,float) -> a
com.weihuagu.poleandleaf.Leaves -> a.d:
# {"id":"sourceFile","fileName":"Leaves.java"}
    int LEAVE_SIZE -> d
    int LEAVE_HIT_SIZE -> e
    int cx -> f
    int cy -> g
    int r -> h
    1:1:void <init>(android.content.Context):0:0 -> <init>
    1:1:void step(long,long,float,float):0:0 -> a
    1:1:boolean intersects(com.weihuagu.poleandleaf.Player):0:0 -> c
      # {"id":"com.android.tools.r8.residualsignature","signature":"(Lcom/weihuagu/poleandleaf/a;)Z"}
    1:1:int getLEAVE_HIT_SIZE():0:0 -> getLEAVE_HIT_SIZE
    1:1:int getLEAVE_SIZE():0:0 -> getLEAVE_SIZE
...
android.support.annotation.Keep -> android.support.annotation.Keep:
# {"id":"sourceFile","fileName":"Keep.java"}