app/build/outputs/mapping/release/usage.txt
com.weihuagu.poleandleaf.Advertising
com.weihuagu.poleandleaf.Colors
com.weihuagu.poleandleaf.GameLayout:
    public static final boolean AUTOSTART
    private static final int DAY
    public static final boolean DEBUG_DRAW
    public static final boolean DEBUG_IDDQD
    public static final float DEBUG_SPEED_MULTIPLIER
    public static final boolean HAVE_STARS
    private static final int NIGHT
    private static final int SUNSET
    public static final java.lang.String TAG
    private static final int TWILIGHT
    private boolean mFlipped
    public void <init>(android.content.Context)
com.weihuagu.poleandleaf.InterstitialAdAble
com.weihuagu.poleandleaf.Leaves:
    public void <init>(android.content.Context,float)
com.weihuagu.poleandleaf.Pop
com.weihuagu.poleandleaf.R$dimen:
    public static int moon_size
    public static int sun_size
    private void <init>()
com.weihuagu.poleandleaf.R$drawable:
    public static int cloud
    public static int icon
    public static int moon
    public static int star
    public static int sun
    public static int sun2
    private void <init>()
com.weihuagu.poleandleaf.R$id:
    public static int tip
    private void <init>()
com.weihuagu.poleandleaf.R$layout:
    private void <init>()
com.weihuagu.poleandleaf.R$menu:
    private void <init>()
com.weihuagu.poleandleaf.R$string
com.weihuagu.poleandleaf.R$style
com.weihuagu.poleandleaf.R
com.weihuagu.poleandleaf.Scenery:
    public void setBackColor()
com.weihuagu.poleandleaf.Util:
    public void <init>()
...
android.support.v4.view.ViewParentCompat$ViewParentCompatImpl
android.support.v4.view.ViewParentCompat$ViewParentCompatKitKatImpl
android.support.v4.view.ViewParentCompat$ViewParentCompatLollipopImpl
android.support.v4.view.ViewParentCompat$ViewParentCompatStubImpl
android.support.v4.view.ViewParentCompat
android.support.v4.view.ViewParentCompatICS
android.support.v4.view.ViewParentCompatKitKat
android.support.v4.view.ViewParentCompatLollipop
android.support.v4.view.ViewPropertyAnimatorCompat$1
android.support.v4.view.ViewPropertyAnimatorCompat$BaseViewPropertyAnimatorCompatImpl$Starter
android.support.v4.view.ViewPropertyAnimatorCompat$BaseViewPropertyAnimatorCompatImpl
android.support.v4.view.ViewPropertyAnimatorCompat$ICSViewPropertyAnimatorCompatImpl$MyVpaListener
android.support.v4.view.ViewPropertyAnimatorCompat$ICSViewPropertyAnimatorCompatImpl
android.support.v4.view.ViewPropertyAnimatorCompat$JBMr2ViewPropertyAnimatorCompatImpl
android.support.v4.view.ViewPropertyAnimatorCompat$JBViewPropertyAnimatorCompatImpl
android.support.v4.view.ViewPropertyAnimatorCompat$KitKatViewPropertyAnimatorCompatImpl
android.support.v4.view.ViewPropertyAnimatorCompat$LollipopViewPropertyAnimatorCompatImpl
android.support.v4.view.ViewPropertyAnimatorCompat$ViewPropertyAnimatorCompatImpl
android.support.v4.view.ViewPropertyAnimatorCompat
android.support.v4.view.ViewPropertyAnimatorCompatICS$1
android.support.v4.view.ViewPropertyAnimatorCompatICS
android.support.v4.view.ViewPropertyAnimatorCompatJB$1
android.support.v4.view.ViewPropertyAnimatorCompatJB
android.support.v4.view.ViewPropertyAnimatorCompatJellybeanMr2
android.support.v4.view.ViewPropertyAnimatorCompatKK$1
android.support.v4.view.ViewPropertyAnimatorCompatKK
android.support.v4.view.ViewPropertyAnimatorCompatLollipop
android.support.v4.view.ViewPropertyAnimatorListener
android.support.v4.view.ViewPropertyAnimatorListenerAdapter
android.support.v4.view.ViewPropertyAnimatorUpdateListener
android.support.v4.view.WindowCompat
android.support.v4.view.WindowInsetsCompat
android.support.v4.view.WindowInsetsCompatApi21
android.support.v4.view.accessibility.AccessibilityEventCompat$AccessibilityEventIcsImpl
android.support.v4.view.accessibility.AccessibilityEventCompat$AccessibilityEventKitKatImpl
android.support.v4.view.accessibility.AccessibilityEventCompat$AccessibilityEventStubImpl
android.support.v4.view.accessibility.AccessibilityEventCompat$AccessibilityEventVersionImpl
android.support.v4.view.accessibility.AccessibilityEventCompat
android.support.v4.view.accessibility.AccessibilityEventCompatIcs
android.support.v4.view.accessibility.AccessibilityEventCompatKitKat
android.support.v4.view.accessibility.AccessibilityManagerCompat$AccessibilityManagerIcsImpl$1
android.support.v4.view.accessibility.AccessibilityManagerCompat$AccessibilityManagerIcsImpl
android.support.v4.view.accessibility.AccessibilityManagerCompat$AccessibilityManagerStubImpl
android.support.v4.view.accessibility.AccessibilityManagerCompat$AccessibilityManagerVersionImpl
android.support.v4.view.accessibility.AccessibilityManagerCompat$AccessibilityStateChangeListenerCompat
android.support.v4.view.accessibility.AccessibilityManagerCompat
android.support.v4.view.accessibility.AccessibilityManagerCompatIcs$1
android.support.v4.view.accessibility.AccessibilityManagerCompatIcs$AccessibilityStateChangeListenerBridge
android.support.v4.view.accessibility.AccessibilityManagerCompatIcs
android.support.v4.view.accessibility.AccessibilityNodeInfoCompat$1
android.support.v4.view.accessibility.AccessibilityNodeInfoCompat$AccessibilityActionCompat
android.support.v4.view.accessibility.AccessibilityNodeInfoCompat$AccessibilityNodeInfoApi21Impl
android.support.v4.view.accessibility.AccessibilityNodeInfoCompat$AccessibilityNodeInfoApi22Impl
android.support.v4.view.accessibility.AccessibilityNodeInfoCompat$AccessibilityNodeInfoIcsImpl
android.support.v4.view.accessibility.AccessibilityNodeInfoCompat$AccessibilityNodeInfoImpl